<?xml version="1.0" encoding="UTF-8"?>
<!-- Generated by org.testng.reporters.JUnitXMLReporter -->
<testsuite ignored="0" hostname="Sun0922" failures="0" tests="4" name="Surefire test" time="0.1" errors="0" timestamp="29 8月 2024 13:59:23 GMT">
  <testcase classname="com.example.demo.BocGenerateVerificationCodeTest" name="testBocMoked on testBocMoked(com.example.demo.BocGenerateVerificationCodeTest)" time="0.035"/>
  <testcase classname="com.example.demo.CmccMockApplicationTest" name="testJfInter on testJfInter(com.example.demo.CmccMockApplicationTest)" time="0.002"/>
  <testcase classname="com.example.demo.CmccMockApplicationTest" name="testMain on testMain(com.example.demo.CmccMockApplicationTest)" time="0.003"/>
  <testcase classname="com.example.demo.CmccMockApplicationTest" name="testJf0001 on testJf0001(com.example.demo.CmccMockApplicationTest)" time="0.003"/>
</testsuite> <!-- Surefire test -->
