<?xml version="1.0" encoding="UTF-8"?>
<testng-results ignored="0" total="4" passed="4" failed="0" skipped="0">
  <reporter-output>
  </reporter-output>
  <suite started-at="2024-08-29T13:59:23Z" name="Surefire suite" finished-at="2024-08-29T13:59:23Z" duration-ms="100">
    <groups>
    </groups>
    <test started-at="2024-08-29T13:59:23Z" name="Surefire test" finished-at="2024-08-29T13:59:23Z" duration-ms="100">
      <class name="com.example.demo.BocGenerateVerificationCodeTest">
        <test-method signature="testBocMoked()" started-at="2024-08-29T13:59:23Z" name="testBocMoked" finished-at="2024-08-29T13:59:23Z" duration-ms="35" status="PASS">
          <reporter-output>
          </reporter-output>
        </test-method> <!-- testBocMoked -->
      </class> <!-- com.example.demo.BocGenerateVerificationCodeTest -->
      <class name="com.example.demo.CmccMockApplicationTest">
        <test-method signature="testMain()" started-at="2024-08-29T13:59:23Z" name="testMain" finished-at="2024-08-29T13:59:23Z" duration-ms="3" status="PASS">
          <reporter-output>
          </reporter-output>
        </test-method> <!-- testMain -->
        <test-method signature="testJf0001()" started-at="2024-08-29T13:59:23Z" name="testJf0001" finished-at="2024-08-29T13:59:23Z" duration-ms="3" status="PASS">
          <reporter-output>
          </reporter-output>
        </test-method> <!-- testJf0001 -->
        <test-method signature="testJfInter()" started-at="2024-08-29T13:59:23Z" name="testJfInter" finished-at="2024-08-29T13:59:23Z" duration-ms="2" status="PASS">
          <reporter-output>
          </reporter-output>
        </test-method> <!-- testJfInter -->
      </class> <!-- com.example.demo.CmccMockApplicationTest -->
    </test> <!-- Surefire test -->
  </suite> <!-- Surefire suite -->
</testng-results>
