<?xml version="1.0" encoding="UTF-8"?>
<testsuite name="TestSuite" time="0.004" tests="4" errors="0" skipped="0" failures="0">
  <properties>
[...]
</properties>
  <testcase name="testBocMoked on testBocMoked(com.example.demo.BocGenerateVerificationCodeTest)" classname="com.example.demo.BocGenerateVerificationCodeTest" time="0.004"/>
  <testcase name="testJfInter on testJfInter(com.example.demo.CmccMockApplicationTest)" classname="com.example.demo.CmccMockApplicationTest" time="0"/>
  <testcase name="testMain on testMain(com.example.demo.CmccMockApplicationTest)" classname="com.example.demo.CmccMockApplicationTest" time="0"/>
  <testcase name="testJf0001 on testJf0001(com.example.demo.CmccMockApplicationTest)" classname="com.example.demo.CmccMockApplicationTest" time="0"/>
</testsuite>