<?xml version="1.0" encoding="UTF-8"?>
<!-- Generated by org.testng.reporters.JUnitReportReporter -->
<testsuite hostname="Sun0922" failures="0" tests="3" name="com.example.demo.CmccMockApplicationTest" time="0.008" errors="0" timestamp="29 8月 2024 13:59:23 GMT" skipped="0">
  <testcase classname="com.example.demo.CmccMockApplicationTest" name="testMain" time="0.003"/>
  <testcase classname="com.example.demo.CmccMockApplicationTest" name="testJf0001" time="0.003"/>
  <testcase classname="com.example.demo.CmccMockApplicationTest" name="testJfInter" time="0.002"/>
</testsuite> <!-- com.example.demo.CmccMockApplicationTest -->
